<?xml version="1.0" encoding="UTF-8"?>
<testng-results skipped="0" failed="0" total="1" passed="1">
  <reporter-output>
  </reporter-output>
  <suite name="Suite" duration-ms="13982" started-at="2019-02-06T16:58:13Z" finished-at="2019-02-06T16:58:27Z">
    <groups>
      <group name="cucumber">
        <method signature="AbstractTestNGCucumberTests.feature(cucumber.api.testng.CucumberFeatureWrapper)[pri:0, instance:testRunner.RunnerClass@4de8b406]" name="feature" class="cucumber.api.testng.AbstractTestNGCucumberTests"/>
      </group> <!-- cucumber -->
    </groups>
    <test name="Test" duration-ms="13982" started-at="2019-02-06T16:58:13Z" finished-at="2019-02-06T16:58:27Z">
      <class name="testRunner.RunnerClass">
        <test-method status="PASS" signature="setUpClass()[pri:0, instance:testRunner.RunnerClass@4de8b406]" name="setUpClass" is-config="true" duration-ms="297" started-at="2019-02-06T08:58:13Z" finished-at="2019-02-06T08:58:13Z">
          <reporter-output>
          </reporter-output>
        </test-method> <!-- setUpClass -->
        <test-method status="PASS" signature="feature(cucumber.api.testng.CucumberFeatureWrapper)[pri:0, instance:testRunner.RunnerClass@4de8b406]" name="feature" duration-ms="13403" started-at="2019-02-06T08:58:13Z" description="Runs Cucumber Feature" data-provider="features" finished-at="2019-02-06T08:58:26Z">
          <params>
            <param index="0">
              <value>
                <![CDATA[phptravel.com home page features test]]>
              </value>
            </param>
          </params>
          <reporter-output>
          </reporter-output>
        </test-method> <!-- feature -->
        <test-method status="PASS" signature="tearDownClass()[pri:0, instance:testRunner.RunnerClass@4de8b406]" name="tearDownClass" is-config="true" duration-ms="205" started-at="2019-02-06T08:58:26Z" finished-at="2019-02-06T08:58:27Z">
          <reporter-output>
          </reporter-output>
        </test-method> <!-- tearDownClass -->
      </class> <!-- testRunner.RunnerClass -->
    </test> <!-- Test -->
  </suite> <!-- Suite -->
</testng-results>
